CRITICAL - 2023-01-03 19:53:29 --> There is no data to update.
in SYSTEMPATH/BaseModel.php on line 868.
 1 SYSTEMPATH/BaseModel.php(868): CodeIgniter\Database\Exceptions\DataException::forEmptyDataset()
 2 SYSTEMPATH/Model.php(721): CodeIgniter\BaseModel->update()
 3 APPPATH/Models/ApiModel.php(54): CodeIgniter\Model->update()
 4 APPPATH/Controllers/Api.php(15): App\Models\ApiModel->updatecontador()
 5 SYSTEMPATH/CodeIgniter.php(925): App\Controllers\Api->tirarsenha()
 6 SYSTEMPATH/CodeIgniter.php(480): CodeIgniter\CodeIgniter->runController()
 7 SYSTEMPATH/CodeIgniter.php(349): CodeIgniter\CodeIgniter->handleRequest()
 8 FCPATH/index.php(67): CodeIgniter\CodeIgniter->run()
ERROR - 2023-01-03 20:09:14 --> mysqli_sql_exception: Unknown column 'sigla' in 'field list' in /var/www/html/sgapi/system/Database/MySQLi/Connection.php:292
Stack trace:
#0 /var/www/html/sgapi/system/Database/MySQLi/Connection.php(292): mysqli->query()
#1 /var/www/html/sgapi/system/Database/BaseConnection.php(666): CodeIgniter\Database\MySQLi\Connection->execute()
#2 /var/www/html/sgapi/system/Database/BaseConnection.php(593): CodeIgniter\Database\BaseConnection->simpleQuery()
#3 /var/www/html/sgapi/system/Database/BaseBuilder.php(1585): CodeIgniter\Database\BaseConnection->query()
#4 /var/www/html/sgapi/system/Model.php(240): CodeIgniter\Database\BaseBuilder->get()
#5 /var/www/html/sgapi/system/BaseModel.php(586): CodeIgniter\Model->doFindAll()
#6 /var/www/html/sgapi/app/Models/ApiModel.php(64): CodeIgniter\BaseModel->findAll()
#7 /var/www/html/sgapi/app/Controllers/Api.php(16): App\Models\ApiModel->siglaservico()
#8 /var/www/html/sgapi/system/CodeIgniter.php(925): App\Controllers\Api->tirarsenha()
#9 /var/www/html/sgapi/system/CodeIgniter.php(480): CodeIgniter\CodeIgniter->runController()
#10 /var/www/html/sgapi/system/CodeIgniter.php(349): CodeIgniter\CodeIgniter->handleRequest()
#11 /var/www/html/sgapi/index.php(67): CodeIgniter\CodeIgniter->run()
#12 {main}
CRITICAL - 2023-01-03 20:09:14 --> Unknown column 'sigla' in 'field list'
in SYSTEMPATH/Database/MySQLi/Connection.php on line 292.
 1 SYSTEMPATH/Database/MySQLi/Connection.php(292): mysqli->query()
 2 SYSTEMPATH/Database/BaseConnection.php(666): CodeIgniter\Database\MySQLi\Connection->execute()
 3 SYSTEMPATH/Database/BaseConnection.php(593): CodeIgniter\Database\BaseConnection->simpleQuery()
 4 SYSTEMPATH/Database/BaseBuilder.php(1585): CodeIgniter\Database\BaseConnection->query()
 5 SYSTEMPATH/Model.php(240): CodeIgniter\Database\BaseBuilder->get()
 6 SYSTEMPATH/BaseModel.php(586): CodeIgniter\Model->doFindAll()
 7 APPPATH/Models/ApiModel.php(64): CodeIgniter\BaseModel->findAll()
 8 APPPATH/Controllers/Api.php(16): App\Models\ApiModel->siglaservico()
 9 SYSTEMPATH/CodeIgniter.php(925): App\Controllers\Api->tirarsenha()
10 SYSTEMPATH/CodeIgniter.php(480): CodeIgniter\CodeIgniter->runController()
11 SYSTEMPATH/CodeIgniter.php(349): CodeIgniter\CodeIgniter->handleRequest()
12 FCPATH/index.php(67): CodeIgniter\CodeIgniter->run()
CRITICAL - 2023-01-03 20:10:46 --> Undefined index: sigla
in APPPATH/Models/ApiModel.php on line 65.
 1 APPPATH/Models/ApiModel.php(65): CodeIgniter\Debug\Exceptions->errorHandler()
 2 APPPATH/Controllers/Api.php(16): App\Models\ApiModel->siglaservico()
 3 SYSTEMPATH/CodeIgniter.php(925): App\Controllers\Api->tirarsenha()
 4 SYSTEMPATH/CodeIgniter.php(480): CodeIgniter\CodeIgniter->runController()
 5 SYSTEMPATH/CodeIgniter.php(349): CodeIgniter\CodeIgniter->handleRequest()
 6 FCPATH/index.php(67): CodeIgniter\CodeIgniter->run()
CRITICAL - 2023-01-03 20:11:08 --> Undefined index: sigla
in APPPATH/Models/ApiModel.php on line 65.
 1 APPPATH/Models/ApiModel.php(65): CodeIgniter\Debug\Exceptions->errorHandler()
 2 APPPATH/Controllers/Api.php(16): App\Models\ApiModel->siglaservico()
 3 SYSTEMPATH/CodeIgniter.php(925): App\Controllers\Api->tirarsenha()
 4 SYSTEMPATH/CodeIgniter.php(480): CodeIgniter\CodeIgniter->runController()
 5 SYSTEMPATH/CodeIgniter.php(349): CodeIgniter\CodeIgniter->handleRequest()
 6 FCPATH/index.php(67): CodeIgniter\CodeIgniter->run()
CRITICAL - 2023-01-03 20:11:29 --> Array to string conversion
in APPPATH/Controllers/Api.php on line 19.
 1 APPPATH/Controllers/Api.php(19): CodeIgniter\Debug\Exceptions->errorHandler()
 2 SYSTEMPATH/CodeIgniter.php(925): App\Controllers\Api->tirarsenha()
 3 SYSTEMPATH/CodeIgniter.php(480): CodeIgniter\CodeIgniter->runController()
 4 SYSTEMPATH/CodeIgniter.php(349): CodeIgniter\CodeIgniter->handleRequest()
 5 FCPATH/index.php(67): CodeIgniter\CodeIgniter->run()
CRITICAL - 2023-01-03 20:13:24 --> Array to string conversion
in APPPATH/Controllers/Api.php on line 19.
 1 APPPATH/Controllers/Api.php(19): CodeIgniter\Debug\Exceptions->errorHandler()
 2 SYSTEMPATH/CodeIgniter.php(925): App\Controllers\Api->tirarsenha()
 3 SYSTEMPATH/CodeIgniter.php(480): CodeIgniter\CodeIgniter->runController()
 4 SYSTEMPATH/CodeIgniter.php(349): CodeIgniter\CodeIgniter->handleRequest()
 5 FCPATH/index.php(67): CodeIgniter\CodeIgniter->run()
CRITICAL - 2023-01-03 20:13:43 --> Undefined index: sigla
in APPPATH/Controllers/Api.php on line 19.
 1 APPPATH/Controllers/Api.php(19): CodeIgniter\Debug\Exceptions->errorHandler()
 2 SYSTEMPATH/CodeIgniter.php(925): App\Controllers\Api->tirarsenha()
 3 SYSTEMPATH/CodeIgniter.php(480): CodeIgniter\CodeIgniter->runController()
 4 SYSTEMPATH/CodeIgniter.php(349): CodeIgniter\CodeIgniter->handleRequest()
 5 FCPATH/index.php(67): CodeIgniter\CodeIgniter->run()
CRITICAL - 2023-01-03 20:13:59 --> Undefined index: sigla
in APPPATH/Controllers/Api.php on line 19.
 1 APPPATH/Controllers/Api.php(19): CodeIgniter\Debug\Exceptions->errorHandler()
 2 SYSTEMPATH/CodeIgniter.php(925): App\Controllers\Api->tirarsenha()
 3 SYSTEMPATH/CodeIgniter.php(480): CodeIgniter\CodeIgniter->runController()
 4 SYSTEMPATH/CodeIgniter.php(349): CodeIgniter\CodeIgniter->handleRequest()
 5 FCPATH/index.php(67): CodeIgniter\CodeIgniter->run()
CRITICAL - 2023-01-03 20:14:20 --> Undefined offset: 0
in APPPATH/Controllers/Api.php on line 19.
 1 APPPATH/Controllers/Api.php(19): CodeIgniter\Debug\Exceptions->errorHandler()
 2 SYSTEMPATH/CodeIgniter.php(925): App\Controllers\Api->tirarsenha()
 3 SYSTEMPATH/CodeIgniter.php(480): CodeIgniter\CodeIgniter->runController()
 4 SYSTEMPATH/CodeIgniter.php(349): CodeIgniter\CodeIgniter->handleRequest()
 5 FCPATH/index.php(67): CodeIgniter\CodeIgniter->run()
CRITICAL - 2023-01-03 20:19:24 --> Cannot use object of type CodeIgniter\Database\MySQLi\Result as array
in APPPATH/Controllers/Api.php on line 17.
 1 SYSTEMPATH/CodeIgniter.php(925): App\Controllers\Api->tirarsenha()
 2 SYSTEMPATH/CodeIgniter.php(480): CodeIgniter\CodeIgniter->runController()
 3 SYSTEMPATH/CodeIgniter.php(349): CodeIgniter\CodeIgniter->handleRequest()
 4 FCPATH/index.php(67): CodeIgniter\CodeIgniter->run()
CRITICAL - 2023-01-03 20:19:56 --> Undefined property: CodeIgniter\Database\MySQLi\Result::$sigla
in APPPATH/Controllers/Api.php on line 17.
 1 APPPATH/Controllers/Api.php(17): CodeIgniter\Debug\Exceptions->errorHandler()
 2 SYSTEMPATH/CodeIgniter.php(925): App\Controllers\Api->tirarsenha()
 3 SYSTEMPATH/CodeIgniter.php(480): CodeIgniter\CodeIgniter->runController()
 4 SYSTEMPATH/CodeIgniter.php(349): CodeIgniter\CodeIgniter->handleRequest()
 5 FCPATH/index.php(67): CodeIgniter\CodeIgniter->run()
CRITICAL - 2023-01-03 20:20:17 --> Cannot use object of type CodeIgniter\Database\MySQLi\Result as array
in APPPATH/Controllers/Api.php on line 17.
 1 SYSTEMPATH/CodeIgniter.php(925): App\Controllers\Api->tirarsenha()
 2 SYSTEMPATH/CodeIgniter.php(480): CodeIgniter\CodeIgniter->runController()
 3 SYSTEMPATH/CodeIgniter.php(349): CodeIgniter\CodeIgniter->handleRequest()
 4 FCPATH/index.php(67): CodeIgniter\CodeIgniter->run()
CRITICAL - 2023-01-03 20:20:42 --> Cannot use object of type CodeIgniter\Database\MySQLi\Result as array
in APPPATH/Controllers/Api.php on line 17.
 1 SYSTEMPATH/CodeIgniter.php(925): App\Controllers\Api->tirarsenha()
 2 SYSTEMPATH/CodeIgniter.php(480): CodeIgniter\CodeIgniter->runController()
 3 SYSTEMPATH/CodeIgniter.php(349): CodeIgniter\CodeIgniter->handleRequest()
 4 FCPATH/index.php(67): CodeIgniter\CodeIgniter->run()
CRITICAL - 2023-01-03 20:20:44 --> Cannot use object of type CodeIgniter\Database\MySQLi\Result as array
in APPPATH/Controllers/Api.php on line 17.
 1 SYSTEMPATH/CodeIgniter.php(925): App\Controllers\Api->tirarsenha()
 2 SYSTEMPATH/CodeIgniter.php(480): CodeIgniter\CodeIgniter->runController()
 3 SYSTEMPATH/CodeIgniter.php(349): CodeIgniter\CodeIgniter->handleRequest()
 4 FCPATH/index.php(67): CodeIgniter\CodeIgniter->run()
CRITICAL - 2023-01-03 20:20:44 --> Cannot use object of type CodeIgniter\Database\MySQLi\Result as array
in APPPATH/Controllers/Api.php on line 17.
 1 SYSTEMPATH/CodeIgniter.php(925): App\Controllers\Api->tirarsenha()
 2 SYSTEMPATH/CodeIgniter.php(480): CodeIgniter\CodeIgniter->runController()
 3 SYSTEMPATH/CodeIgniter.php(349): CodeIgniter\CodeIgniter->handleRequest()
 4 FCPATH/index.php(67): CodeIgniter\CodeIgniter->run()
CRITICAL - 2023-01-03 20:20:44 --> Cannot use object of type CodeIgniter\Database\MySQLi\Result as array
in APPPATH/Controllers/Api.php on line 17.
 1 SYSTEMPATH/CodeIgniter.php(925): App\Controllers\Api->tirarsenha()
 2 SYSTEMPATH/CodeIgniter.php(480): CodeIgniter\CodeIgniter->runController()
 3 SYSTEMPATH/CodeIgniter.php(349): CodeIgniter\CodeIgniter->handleRequest()
 4 FCPATH/index.php(67): CodeIgniter\CodeIgniter->run()
CRITICAL - 2023-01-03 20:20:44 --> Cannot use object of type CodeIgniter\Database\MySQLi\Result as array
in APPPATH/Controllers/Api.php on line 17.
 1 SYSTEMPATH/CodeIgniter.php(925): App\Controllers\Api->tirarsenha()
 2 SYSTEMPATH/CodeIgniter.php(480): CodeIgniter\CodeIgniter->runController()
 3 SYSTEMPATH/CodeIgniter.php(349): CodeIgniter\CodeIgniter->handleRequest()
 4 FCPATH/index.php(67): CodeIgniter\CodeIgniter->run()
CRITICAL - 2023-01-03 20:28:56 --> Undefined index: numero
in APPPATH/Models/ApiModel.php on line 47.
 1 APPPATH/Models/ApiModel.php(47): CodeIgniter\Debug\Exceptions->errorHandler()
 2 APPPATH/Controllers/Api.php(17): App\Models\ApiModel->getcontador()
 3 SYSTEMPATH/CodeIgniter.php(925): App\Controllers\Api->tirarsenha()
 4 SYSTEMPATH/CodeIgniter.php(480): CodeIgniter\CodeIgniter->runController()
 5 SYSTEMPATH/CodeIgniter.php(349): CodeIgniter\CodeIgniter->handleRequest()
 6 FCPATH/index.php(67): CodeIgniter\CodeIgniter->run()
CRITICAL - 2023-01-03 20:29:44 --> Undefined variable: numero
in APPPATH/Controllers/Api.php on line 15.
 1 APPPATH/Controllers/Api.php(15): CodeIgniter\Debug\Exceptions->errorHandler()
 2 SYSTEMPATH/CodeIgniter.php(925): App\Controllers\Api->tirarsenha()
 3 SYSTEMPATH/CodeIgniter.php(480): CodeIgniter\CodeIgniter->runController()
 4 SYSTEMPATH/CodeIgniter.php(349): CodeIgniter\CodeIgniter->handleRequest()
 5 FCPATH/index.php(67): CodeIgniter\CodeIgniter->run()
CRITICAL - 2023-01-03 20:31:01 --> Undefined index: numero
in APPPATH/Models/ApiModel.php on line 47.
 1 APPPATH/Models/ApiModel.php(47): CodeIgniter\Debug\Exceptions->errorHandler()
 2 APPPATH/Controllers/Api.php(15): App\Models\ApiModel->getcontador()
 3 SYSTEMPATH/CodeIgniter.php(925): App\Controllers\Api->tirarsenha()
 4 SYSTEMPATH/CodeIgniter.php(480): CodeIgniter\CodeIgniter->runController()
 5 SYSTEMPATH/CodeIgniter.php(349): CodeIgniter\CodeIgniter->handleRequest()
 6 FCPATH/index.php(67): CodeIgniter\CodeIgniter->run()
CRITICAL - 2023-01-03 20:32:16 --> Undefined index: numero
in APPPATH/Models/ApiModel.php on line 47.
 1 APPPATH/Models/ApiModel.php(47): CodeIgniter\Debug\Exceptions->errorHandler()
 2 APPPATH/Controllers/Api.php(15): App\Models\ApiModel->getcontador()
 3 SYSTEMPATH/CodeIgniter.php(925): App\Controllers\Api->tirarsenha()
 4 SYSTEMPATH/CodeIgniter.php(480): CodeIgniter\CodeIgniter->runController()
 5 SYSTEMPATH/CodeIgniter.php(349): CodeIgniter\CodeIgniter->handleRequest()
 6 FCPATH/index.php(67): CodeIgniter\CodeIgniter->run()
CRITICAL - 2023-01-03 20:32:18 --> Undefined index: numero
in APPPATH/Models/ApiModel.php on line 47.
 1 APPPATH/Models/ApiModel.php(47): CodeIgniter\Debug\Exceptions->errorHandler()
 2 APPPATH/Controllers/Api.php(15): App\Models\ApiModel->getcontador()
 3 SYSTEMPATH/CodeIgniter.php(925): App\Controllers\Api->tirarsenha()
 4 SYSTEMPATH/CodeIgniter.php(480): CodeIgniter\CodeIgniter->runController()
 5 SYSTEMPATH/CodeIgniter.php(349): CodeIgniter\CodeIgniter->handleRequest()
 6 FCPATH/index.php(67): CodeIgniter\CodeIgniter->run()
CRITICAL - 2023-01-03 20:32:18 --> Undefined index: numero
in APPPATH/Models/ApiModel.php on line 47.
 1 APPPATH/Models/ApiModel.php(47): CodeIgniter\Debug\Exceptions->errorHandler()
 2 APPPATH/Controllers/Api.php(15): App\Models\ApiModel->getcontador()
 3 SYSTEMPATH/CodeIgniter.php(925): App\Controllers\Api->tirarsenha()
 4 SYSTEMPATH/CodeIgniter.php(480): CodeIgniter\CodeIgniter->runController()
 5 SYSTEMPATH/CodeIgniter.php(349): CodeIgniter\CodeIgniter->handleRequest()
 6 FCPATH/index.php(67): CodeIgniter\CodeIgniter->run()
