ERROR - 2023-01-25 19:13:20 --> mysqli_sql_exception: Cannot add or update a child row: a foreign key constraint fails (`novosga_db`.`atendimentos`, CONSTRAINT `FK_29E906E7226EFC79` FOREIGN KEY (`prioridade_id`) REFERENCES `prioridades` (`id`)) in /var/www/html/sgapi/system/Database/MySQLi/Connection.php:292
Stack trace:
#0 /var/www/html/sgapi/system/Database/MySQLi/Connection.php(292): mysqli->query()
#1 /var/www/html/sgapi/system/Database/BaseConnection.php(666): CodeIgniter\Database\MySQLi\Connection->execute()
#2 /var/www/html/sgapi/system/Database/BaseConnection.php(593): CodeIgniter\Database\BaseConnection->simpleQuery()
#3 /var/www/html/sgapi/system/Database/BaseBuilder.php(1916): CodeIgniter\Database\BaseConnection->query()
#4 /var/www/html/sgapi/system/Model.php(303): CodeIgniter\Database\BaseBuilder->insert()
#5 /var/www/html/sgapi/system/BaseModel.php(750): CodeIgniter\Model->doInsert()
#6 /var/www/html/sgapi/system/Model.php(695): CodeIgniter\BaseModel->insert()
#7 /var/www/html/sgapi/app/Models/SenhaModel.php(63): CodeIgniter\Model->insert()
#8 /var/www/html/sgapi/app/Controllers/Api.php(43): App\Models\SenhaModel->novasenha()
#9 /var/www/html/sgapi/app/Controllers/Api.php(25): App\Controllers\Api->tirarsenha()
#10 /var/www/html/sgapi/system/CodeIgniter.php(925): App\Controllers\Api->distribui()
#11 /var/www/html/sgapi/system/CodeIgniter.php(480): CodeIgniter\CodeIgniter->runController()
#12 /var/www/html/sgapi/system/CodeIgniter.php(349): CodeIgniter\CodeIgniter->handleRequest()
#13 /var/www/html/sgapi/index.php(67): CodeIgniter\CodeIgniter->run()
#14 {main}
ERROR - 2023-01-25 19:15:21 --> mysqli_sql_exception: Cannot add or update a child row: a foreign key constraint fails (`novosga_db`.`atendimentos`, CONSTRAINT `FK_29E906E7226EFC79` FOREIGN KEY (`prioridade_id`) REFERENCES `prioridades` (`id`)) in /var/www/html/sgapi/system/Database/MySQLi/Connection.php:292
Stack trace:
#0 /var/www/html/sgapi/system/Database/MySQLi/Connection.php(292): mysqli->query()
#1 /var/www/html/sgapi/system/Database/BaseConnection.php(666): CodeIgniter\Database\MySQLi\Connection->execute()
#2 /var/www/html/sgapi/system/Database/BaseConnection.php(593): CodeIgniter\Database\BaseConnection->simpleQuery()
#3 /var/www/html/sgapi/system/Database/BaseBuilder.php(1916): CodeIgniter\Database\BaseConnection->query()
#4 /var/www/html/sgapi/system/Model.php(303): CodeIgniter\Database\BaseBuilder->insert()
#5 /var/www/html/sgapi/system/BaseModel.php(750): CodeIgniter\Model->doInsert()
#6 /var/www/html/sgapi/system/Model.php(695): CodeIgniter\BaseModel->insert()
#7 /var/www/html/sgapi/app/Models/SenhaModel.php(63): CodeIgniter\Model->insert()
#8 /var/www/html/sgapi/app/Controllers/Api.php(43): App\Models\SenhaModel->novasenha()
#9 /var/www/html/sgapi/app/Controllers/Api.php(25): App\Controllers\Api->tirarsenha()
#10 /var/www/html/sgapi/system/CodeIgniter.php(925): App\Controllers\Api->distribui()
#11 /var/www/html/sgapi/system/CodeIgniter.php(480): CodeIgniter\CodeIgniter->runController()
#12 /var/www/html/sgapi/system/CodeIgniter.php(349): CodeIgniter\CodeIgniter->handleRequest()
#13 /var/www/html/sgapi/index.php(67): CodeIgniter\CodeIgniter->run()
#14 {main}
ERROR - 2023-01-25 19:15:21 --> mysqli_sql_exception: Cannot add or update a child row: a foreign key constraint fails (`novosga_db`.`atendimentos`, CONSTRAINT `FK_29E906E7226EFC79` FOREIGN KEY (`prioridade_id`) REFERENCES `prioridades` (`id`)) in /var/www/html/sgapi/system/Database/MySQLi/Connection.php:292
Stack trace:
#0 /var/www/html/sgapi/system/Database/MySQLi/Connection.php(292): mysqli->query()
#1 /var/www/html/sgapi/system/Database/BaseConnection.php(666): CodeIgniter\Database\MySQLi\Connection->execute()
#2 /var/www/html/sgapi/system/Database/BaseConnection.php(593): CodeIgniter\Database\BaseConnection->simpleQuery()
#3 /var/www/html/sgapi/system/Database/BaseBuilder.php(1916): CodeIgniter\Database\BaseConnection->query()
#4 /var/www/html/sgapi/system/Model.php(303): CodeIgniter\Database\BaseBuilder->insert()
#5 /var/www/html/sgapi/system/BaseModel.php(750): CodeIgniter\Model->doInsert()
#6 /var/www/html/sgapi/system/Model.php(695): CodeIgniter\BaseModel->insert()
#7 /var/www/html/sgapi/app/Models/SenhaModel.php(63): CodeIgniter\Model->insert()
#8 /var/www/html/sgapi/app/Controllers/Api.php(43): App\Models\SenhaModel->novasenha()
#9 /var/www/html/sgapi/app/Controllers/Api.php(25): App\Controllers\Api->tirarsenha()
#10 /var/www/html/sgapi/system/CodeIgniter.php(925): App\Controllers\Api->distribui()
#11 /var/www/html/sgapi/system/CodeIgniter.php(480): CodeIgniter\CodeIgniter->runController()
#12 /var/www/html/sgapi/system/CodeIgniter.php(349): CodeIgniter\CodeIgniter->handleRequest()
#13 /var/www/html/sgapi/index.php(67): CodeIgniter\CodeIgniter->run()
#14 {main}
ERROR - 2023-01-25 19:17:50 --> mysqli_sql_exception: Cannot add or update a child row: a foreign key constraint fails (`novosga_db`.`atendimentos`, CONSTRAINT `FK_29E906E7226EFC79` FOREIGN KEY (`prioridade_id`) REFERENCES `prioridades` (`id`)) in /var/www/html/sgapi/system/Database/MySQLi/Connection.php:292
Stack trace:
#0 /var/www/html/sgapi/system/Database/MySQLi/Connection.php(292): mysqli->query()
#1 /var/www/html/sgapi/system/Database/BaseConnection.php(666): CodeIgniter\Database\MySQLi\Connection->execute()
#2 /var/www/html/sgapi/system/Database/BaseConnection.php(593): CodeIgniter\Database\BaseConnection->simpleQuery()
#3 /var/www/html/sgapi/system/Database/BaseBuilder.php(1916): CodeIgniter\Database\BaseConnection->query()
#4 /var/www/html/sgapi/system/Model.php(303): CodeIgniter\Database\BaseBuilder->insert()
#5 /var/www/html/sgapi/system/BaseModel.php(750): CodeIgniter\Model->doInsert()
#6 /var/www/html/sgapi/system/Model.php(695): CodeIgniter\BaseModel->insert()
#7 /var/www/html/sgapi/app/Models/SenhaModel.php(63): CodeIgniter\Model->insert()
#8 /var/www/html/sgapi/app/Controllers/Api.php(43): App\Models\SenhaModel->novasenha()
#9 /var/www/html/sgapi/app/Controllers/Api.php(25): App\Controllers\Api->tirarsenha()
#10 /var/www/html/sgapi/system/CodeIgniter.php(925): App\Controllers\Api->distribui()
#11 /var/www/html/sgapi/system/CodeIgniter.php(480): CodeIgniter\CodeIgniter->runController()
#12 /var/www/html/sgapi/system/CodeIgniter.php(349): CodeIgniter\CodeIgniter->handleRequest()
#13 /var/www/html/sgapi/index.php(67): CodeIgniter\CodeIgniter->run()
#14 {main}
ERROR - 2023-01-25 19:17:50 --> mysqli_sql_exception: Cannot add or update a child row: a foreign key constraint fails (`novosga_db`.`atendimentos`, CONSTRAINT `FK_29E906E7226EFC79` FOREIGN KEY (`prioridade_id`) REFERENCES `prioridades` (`id`)) in /var/www/html/sgapi/system/Database/MySQLi/Connection.php:292
Stack trace:
#0 /var/www/html/sgapi/system/Database/MySQLi/Connection.php(292): mysqli->query()
#1 /var/www/html/sgapi/system/Database/BaseConnection.php(666): CodeIgniter\Database\MySQLi\Connection->execute()
#2 /var/www/html/sgapi/system/Database/BaseConnection.php(593): CodeIgniter\Database\BaseConnection->simpleQuery()
#3 /var/www/html/sgapi/system/Database/BaseBuilder.php(1916): CodeIgniter\Database\BaseConnection->query()
#4 /var/www/html/sgapi/system/Model.php(303): CodeIgniter\Database\BaseBuilder->insert()
#5 /var/www/html/sgapi/system/BaseModel.php(750): CodeIgniter\Model->doInsert()
#6 /var/www/html/sgapi/system/Model.php(695): CodeIgniter\BaseModel->insert()
#7 /var/www/html/sgapi/app/Models/SenhaModel.php(63): CodeIgniter\Model->insert()
#8 /var/www/html/sgapi/app/Controllers/Api.php(43): App\Models\SenhaModel->novasenha()
#9 /var/www/html/sgapi/app/Controllers/Api.php(25): App\Controllers\Api->tirarsenha()
#10 /var/www/html/sgapi/system/CodeIgniter.php(925): App\Controllers\Api->distribui()
#11 /var/www/html/sgapi/system/CodeIgniter.php(480): CodeIgniter\CodeIgniter->runController()
#12 /var/www/html/sgapi/system/CodeIgniter.php(349): CodeIgniter\CodeIgniter->handleRequest()
#13 /var/www/html/sgapi/index.php(67): CodeIgniter\CodeIgniter->run()
#14 {main}
ERROR - 2023-01-25 19:25:43 --> Error connecting to the database: mysqli_sql_exception: Connection timed out in /var/www/html/sgapi/system/Database/MySQLi/Connection.php:171
Stack trace:
#0 /var/www/html/sgapi/system/Database/MySQLi/Connection.php(171): mysqli->real_connect()
#1 /var/www/html/sgapi/system/Database/BaseConnection.php(382): CodeIgniter\Database\MySQLi\Connection->connect()
#2 /var/www/html/sgapi/system/Database/BaseConnection.php(561): CodeIgniter\Database\BaseConnection->initialize()
#3 /var/www/html/sgapi/system/Database/BaseBuilder.php(1585): CodeIgniter\Database\BaseConnection->query()
#4 /var/www/html/sgapi/system/Model.php(240): CodeIgniter\Database\BaseBuilder->get()
#5 /var/www/html/sgapi/system/BaseModel.php(586): CodeIgniter\Model->doFindAll()
#6 /var/www/html/sgapi/app/Models/AtendimentoModel.php(46): CodeIgniter\BaseModel->findAll()
#7 /var/www/html/sgapi/app/Controllers/Api.php(35): App\Models\AtendimentoModel->getcontador()
#8 /var/www/html/sgapi/app/Controllers/Api.php(25): App\Controllers\Api->tirarsenha()
#9 /var/www/html/sgapi/system/CodeIgniter.php(925): App\Controllers\Api->distribui()
#10 /var/www/html/sgapi/system/CodeIgniter.php(480): CodeIgniter\CodeIgniter->runController()
#11 /var/www/html/sgapi/system/CodeIgniter.php(349): CodeIgniter\CodeIgniter->handleRequest()
#12 /var/www/html/sgapi/index.php(67): CodeIgniter\CodeIgniter->run()
#13 {main}

Next CodeIgniter\Database\Exceptions\DatabaseException: Connection timed out in /var/www/html/sgapi/system/Database/MySQLi/Connection.php:215
Stack trace:
#0 /var/www/html/sgapi/system/Database/BaseConnection.php(382): CodeIgniter\Database\MySQLi\Connection->connect()
#1 /var/www/html/sgapi/system/Database/BaseConnection.php(561): CodeIgniter\Database\BaseConnection->initialize()
#2 /var/www/html/sgapi/system/Database/BaseBuilder.php(1585): CodeIgniter\Database\BaseConnection->query()
#3 /var/www/html/sgapi/system/Model.php(240): CodeIgniter\Database\BaseBuilder->get()
#4 /var/www/html/sgapi/system/BaseModel.php(586): CodeIgniter\Model->doFindAll()
#5 /var/www/html/sgapi/app/Models/AtendimentoModel.php(46): CodeIgniter\BaseModel->findAll()
#6 /var/www/html/sgapi/app/Controllers/Api.php(35): App\Models\AtendimentoModel->getcontador()
#7 /var/www/html/sgapi/app/Controllers/Api.php(25): App\Controllers\Api->tirarsenha()
#8 /var/www/html/sgapi/system/CodeIgniter.php(925): App\Controllers\Api->distribui()
#9 /var/www/html/sgapi/system/CodeIgniter.php(480): CodeIgniter\CodeIgniter->runController()
#10 /var/www/html/sgapi/system/CodeIgniter.php(349): CodeIgniter\CodeIgniter->handleRequest()
#11 /var/www/html/sgapi/index.php(67): CodeIgniter\CodeIgniter->run()
#12 {main}
ERROR - 2023-01-25 19:25:43 --> Error connecting to the database: mysqli_sql_exception: Connection timed out in /var/www/html/sgapi/system/Database/MySQLi/Connection.php:171
Stack trace:
#0 /var/www/html/sgapi/system/Database/MySQLi/Connection.php(171): mysqli->real_connect()
#1 /var/www/html/sgapi/system/Database/BaseConnection.php(382): CodeIgniter\Database\MySQLi\Connection->connect()
#2 /var/www/html/sgapi/system/Database/BaseConnection.php(561): CodeIgniter\Database\BaseConnection->initialize()
#3 /var/www/html/sgapi/system/Database/BaseBuilder.php(1585): CodeIgniter\Database\BaseConnection->query()
#4 /var/www/html/sgapi/system/Model.php(240): CodeIgniter\Database\BaseBuilder->get()
#5 /var/www/html/sgapi/system/BaseModel.php(586): CodeIgniter\Model->doFindAll()
#6 /var/www/html/sgapi/app/Models/AtendimentoModel.php(46): CodeIgniter\BaseModel->findAll()
#7 /var/www/html/sgapi/app/Controllers/Api.php(35): App\Models\AtendimentoModel->getcontador()
#8 /var/www/html/sgapi/app/Controllers/Api.php(25): App\Controllers\Api->tirarsenha()
#9 /var/www/html/sgapi/system/CodeIgniter.php(925): App\Controllers\Api->distribui()
#10 /var/www/html/sgapi/system/CodeIgniter.php(480): CodeIgniter\CodeIgniter->runController()
#11 /var/www/html/sgapi/system/CodeIgniter.php(349): CodeIgniter\CodeIgniter->handleRequest()
#12 /var/www/html/sgapi/index.php(67): CodeIgniter\CodeIgniter->run()
#13 {main}

Next CodeIgniter\Database\Exceptions\DatabaseException: Connection timed out in /var/www/html/sgapi/system/Database/MySQLi/Connection.php:215
Stack trace:
#0 /var/www/html/sgapi/system/Database/BaseConnection.php(382): CodeIgniter\Database\MySQLi\Connection->connect()
#1 /var/www/html/sgapi/system/Database/BaseConnection.php(561): CodeIgniter\Database\BaseConnection->initialize()
#2 /var/www/html/sgapi/system/Database/BaseBuilder.php(1585): CodeIgniter\Database\BaseConnection->query()
#3 /var/www/html/sgapi/system/Model.php(240): CodeIgniter\Database\BaseBuilder->get()
#4 /var/www/html/sgapi/system/BaseModel.php(586): CodeIgniter\Model->doFindAll()
#5 /var/www/html/sgapi/app/Models/AtendimentoModel.php(46): CodeIgniter\BaseModel->findAll()
#6 /var/www/html/sgapi/app/Controllers/Api.php(35): App\Models\AtendimentoModel->getcontador()
#7 /var/www/html/sgapi/app/Controllers/Api.php(25): App\Controllers\Api->tirarsenha()
#8 /var/www/html/sgapi/system/CodeIgniter.php(925): App\Controllers\Api->distribui()
#9 /var/www/html/sgapi/system/CodeIgniter.php(480): CodeIgniter\CodeIgniter->runController()
#10 /var/www/html/sgapi/system/CodeIgniter.php(349): CodeIgniter\CodeIgniter->handleRequest()
#11 /var/www/html/sgapi/index.php(67): CodeIgniter\CodeIgniter->run()
#12 {main}
CRITICAL - 2023-01-25 19:25:43 --> Unable to connect to the database.
Main connection [MySQLi]: Connection timed out
in SYSTEMPATH/Database/BaseConnection.php on line 418.
 1 SYSTEMPATH/Database/BaseConnection.php(561): CodeIgniter\Database\BaseConnection->initialize()
 2 SYSTEMPATH/Database/BaseBuilder.php(1585): CodeIgniter\Database\BaseConnection->query()
 3 SYSTEMPATH/Model.php(240): CodeIgniter\Database\BaseBuilder->get()
 4 SYSTEMPATH/BaseModel.php(586): CodeIgniter\Model->doFindAll()
 5 APPPATH/Models/AtendimentoModel.php(46): CodeIgniter\BaseModel->findAll()
 6 APPPATH/Controllers/Api.php(35): App\Models\AtendimentoModel->getcontador()
 7 APPPATH/Controllers/Api.php(25): App\Controllers\Api->tirarsenha()
 8 SYSTEMPATH/CodeIgniter.php(925): App\Controllers\Api->distribui()
 9 SYSTEMPATH/CodeIgniter.php(480): CodeIgniter\CodeIgniter->runController()
10 SYSTEMPATH/CodeIgniter.php(349): CodeIgniter\CodeIgniter->handleRequest()
11 FCPATH/index.php(67): CodeIgniter\CodeIgniter->run()
CRITICAL - 2023-01-25 19:25:43 --> Unable to connect to the database.
Main connection [MySQLi]: Connection timed out
in SYSTEMPATH/Database/BaseConnection.php on line 418.
 1 SYSTEMPATH/Database/BaseConnection.php(561): CodeIgniter\Database\BaseConnection->initialize()
 2 SYSTEMPATH/Database/BaseBuilder.php(1585): CodeIgniter\Database\BaseConnection->query()
 3 SYSTEMPATH/Model.php(240): CodeIgniter\Database\BaseBuilder->get()
 4 SYSTEMPATH/BaseModel.php(586): CodeIgniter\Model->doFindAll()
 5 APPPATH/Models/AtendimentoModel.php(46): CodeIgniter\BaseModel->findAll()
 6 APPPATH/Controllers/Api.php(35): App\Models\AtendimentoModel->getcontador()
 7 APPPATH/Controllers/Api.php(25): App\Controllers\Api->tirarsenha()
 8 SYSTEMPATH/CodeIgniter.php(925): App\Controllers\Api->distribui()
 9 SYSTEMPATH/CodeIgniter.php(480): CodeIgniter\CodeIgniter->runController()
10 SYSTEMPATH/CodeIgniter.php(349): CodeIgniter\CodeIgniter->handleRequest()
11 FCPATH/index.php(67): CodeIgniter\CodeIgniter->run()
ERROR - 2023-01-25 19:32:07 --> mysqli_sql_exception: Cannot add or update a child row: a foreign key constraint fails (`novosga_db`.`atendimentos`, CONSTRAINT `FK_29E906E7226EFC79` FOREIGN KEY (`prioridade_id`) REFERENCES `prioridades` (`id`)) in /var/www/html/sgapi/system/Database/MySQLi/Connection.php:292
Stack trace:
#0 /var/www/html/sgapi/system/Database/MySQLi/Connection.php(292): mysqli->query()
#1 /var/www/html/sgapi/system/Database/BaseConnection.php(666): CodeIgniter\Database\MySQLi\Connection->execute()
#2 /var/www/html/sgapi/system/Database/BaseConnection.php(593): CodeIgniter\Database\BaseConnection->simpleQuery()
#3 /var/www/html/sgapi/system/Database/BaseBuilder.php(1916): CodeIgniter\Database\BaseConnection->query()
#4 /var/www/html/sgapi/system/Model.php(303): CodeIgniter\Database\BaseBuilder->insert()
#5 /var/www/html/sgapi/system/BaseModel.php(750): CodeIgniter\Model->doInsert()
#6 /var/www/html/sgapi/system/Model.php(695): CodeIgniter\BaseModel->insert()
#7 /var/www/html/sgapi/app/Models/SenhaModel.php(63): CodeIgniter\Model->insert()
#8 /var/www/html/sgapi/app/Controllers/Api.php(43): App\Models\SenhaModel->novasenha()
#9 /var/www/html/sgapi/app/Controllers/Api.php(25): App\Controllers\Api->tirarsenha()
#10 /var/www/html/sgapi/system/CodeIgniter.php(925): App\Controllers\Api->distribui()
#11 /var/www/html/sgapi/system/CodeIgniter.php(480): CodeIgniter\CodeIgniter->runController()
#12 /var/www/html/sgapi/system/CodeIgniter.php(349): CodeIgniter\CodeIgniter->handleRequest()
#13 /var/www/html/sgapi/index.php(67): CodeIgniter\CodeIgniter->run()
#14 {main}
ERROR - 2023-01-25 19:32:07 --> mysqli_sql_exception: Cannot add or update a child row: a foreign key constraint fails (`novosga_db`.`atendimentos`, CONSTRAINT `FK_29E906E7226EFC79` FOREIGN KEY (`prioridade_id`) REFERENCES `prioridades` (`id`)) in /var/www/html/sgapi/system/Database/MySQLi/Connection.php:292
Stack trace:
#0 /var/www/html/sgapi/system/Database/MySQLi/Connection.php(292): mysqli->query()
#1 /var/www/html/sgapi/system/Database/BaseConnection.php(666): CodeIgniter\Database\MySQLi\Connection->execute()
#2 /var/www/html/sgapi/system/Database/BaseConnection.php(593): CodeIgniter\Database\BaseConnection->simpleQuery()
#3 /var/www/html/sgapi/system/Database/BaseBuilder.php(1916): CodeIgniter\Database\BaseConnection->query()
#4 /var/www/html/sgapi/system/Model.php(303): CodeIgniter\Database\BaseBuilder->insert()
#5 /var/www/html/sgapi/system/BaseModel.php(750): CodeIgniter\Model->doInsert()
#6 /var/www/html/sgapi/system/Model.php(695): CodeIgniter\BaseModel->insert()
#7 /var/www/html/sgapi/app/Models/SenhaModel.php(63): CodeIgniter\Model->insert()
#8 /var/www/html/sgapi/app/Controllers/Api.php(43): App\Models\SenhaModel->novasenha()
#9 /var/www/html/sgapi/app/Controllers/Api.php(25): App\Controllers\Api->tirarsenha()
#10 /var/www/html/sgapi/system/CodeIgniter.php(925): App\Controllers\Api->distribui()
#11 /var/www/html/sgapi/system/CodeIgniter.php(480): CodeIgniter\CodeIgniter->runController()
#12 /var/www/html/sgapi/system/CodeIgniter.php(349): CodeIgniter\CodeIgniter->handleRequest()
#13 /var/www/html/sgapi/index.php(67): CodeIgniter\CodeIgniter->run()
#14 {main}
ERROR - 2023-01-25 19:37:14 --> Error connecting to the database: mysqli_sql_exception: Connection timed out in /var/www/html/sgapi/system/Database/MySQLi/Connection.php:171
Stack trace:
#0 /var/www/html/sgapi/system/Database/MySQLi/Connection.php(171): mysqli->real_connect()
#1 /var/www/html/sgapi/system/Database/BaseConnection.php(382): CodeIgniter\Database\MySQLi\Connection->connect()
#2 /var/www/html/sgapi/system/Database/BaseConnection.php(561): CodeIgniter\Database\BaseConnection->initialize()
#3 /var/www/html/sgapi/system/Database/BaseBuilder.php(1585): CodeIgniter\Database\BaseConnection->query()
#4 /var/www/html/sgapi/system/Model.php(240): CodeIgniter\Database\BaseBuilder->get()
#5 /var/www/html/sgapi/system/BaseModel.php(586): CodeIgniter\Model->doFindAll()
#6 /var/www/html/sgapi/app/Models/AtendimentoModel.php(46): CodeIgniter\BaseModel->findAll()
#7 /var/www/html/sgapi/app/Controllers/Api.php(35): App\Models\AtendimentoModel->getcontador()
#8 /var/www/html/sgapi/app/Controllers/Api.php(25): App\Controllers\Api->tirarsenha()
#9 /var/www/html/sgapi/system/CodeIgniter.php(925): App\Controllers\Api->distribui()
#10 /var/www/html/sgapi/system/CodeIgniter.php(480): CodeIgniter\CodeIgniter->runController()
#11 /var/www/html/sgapi/system/CodeIgniter.php(349): CodeIgniter\CodeIgniter->handleRequest()
#12 /var/www/html/sgapi/index.php(67): CodeIgniter\CodeIgniter->run()
#13 {main}

Next CodeIgniter\Database\Exceptions\DatabaseException: Connection timed out in /var/www/html/sgapi/system/Database/MySQLi/Connection.php:215
Stack trace:
#0 /var/www/html/sgapi/system/Database/BaseConnection.php(382): CodeIgniter\Database\MySQLi\Connection->connect()
#1 /var/www/html/sgapi/system/Database/BaseConnection.php(561): CodeIgniter\Database\BaseConnection->initialize()
#2 /var/www/html/sgapi/system/Database/BaseBuilder.php(1585): CodeIgniter\Database\BaseConnection->query()
#3 /var/www/html/sgapi/system/Model.php(240): CodeIgniter\Database\BaseBuilder->get()
#4 /var/www/html/sgapi/system/BaseModel.php(586): CodeIgniter\Model->doFindAll()
#5 /var/www/html/sgapi/app/Models/AtendimentoModel.php(46): CodeIgniter\BaseModel->findAll()
#6 /var/www/html/sgapi/app/Controllers/Api.php(35): App\Models\AtendimentoModel->getcontador()
#7 /var/www/html/sgapi/app/Controllers/Api.php(25): App\Controllers\Api->tirarsenha()
#8 /var/www/html/sgapi/system/CodeIgniter.php(925): App\Controllers\Api->distribui()
#9 /var/www/html/sgapi/system/CodeIgniter.php(480): CodeIgniter\CodeIgniter->runController()
#10 /var/www/html/sgapi/system/CodeIgniter.php(349): CodeIgniter\CodeIgniter->handleRequest()
#11 /var/www/html/sgapi/index.php(67): CodeIgniter\CodeIgniter->run()
#12 {main}
ERROR - 2023-01-25 19:37:14 --> Error connecting to the database: mysqli_sql_exception: Connection timed out in /var/www/html/sgapi/system/Database/MySQLi/Connection.php:171
Stack trace:
#0 /var/www/html/sgapi/system/Database/MySQLi/Connection.php(171): mysqli->real_connect()
#1 /var/www/html/sgapi/system/Database/BaseConnection.php(382): CodeIgniter\Database\MySQLi\Connection->connect()
#2 /var/www/html/sgapi/system/Database/BaseConnection.php(561): CodeIgniter\Database\BaseConnection->initialize()
#3 /var/www/html/sgapi/system/Database/BaseBuilder.php(1585): CodeIgniter\Database\BaseConnection->query()
#4 /var/www/html/sgapi/system/Model.php(240): CodeIgniter\Database\BaseBuilder->get()
#5 /var/www/html/sgapi/system/BaseModel.php(586): CodeIgniter\Model->doFindAll()
#6 /var/www/html/sgapi/app/Models/AtendimentoModel.php(46): CodeIgniter\BaseModel->findAll()
#7 /var/www/html/sgapi/app/Controllers/Api.php(35): App\Models\AtendimentoModel->getcontador()
#8 /var/www/html/sgapi/app/Controllers/Api.php(25): App\Controllers\Api->tirarsenha()
#9 /var/www/html/sgapi/system/CodeIgniter.php(925): App\Controllers\Api->distribui()
#10 /var/www/html/sgapi/system/CodeIgniter.php(480): CodeIgniter\CodeIgniter->runController()
#11 /var/www/html/sgapi/system/CodeIgniter.php(349): CodeIgniter\CodeIgniter->handleRequest()
#12 /var/www/html/sgapi/index.php(67): CodeIgniter\CodeIgniter->run()
#13 {main}

Next CodeIgniter\Database\Exceptions\DatabaseException: Connection timed out in /var/www/html/sgapi/system/Database/MySQLi/Connection.php:215
Stack trace:
#0 /var/www/html/sgapi/system/Database/BaseConnection.php(382): CodeIgniter\Database\MySQLi\Connection->connect()
#1 /var/www/html/sgapi/system/Database/BaseConnection.php(561): CodeIgniter\Database\BaseConnection->initialize()
#2 /var/www/html/sgapi/system/Database/BaseBuilder.php(1585): CodeIgniter\Database\BaseConnection->query()
#3 /var/www/html/sgapi/system/Model.php(240): CodeIgniter\Database\BaseBuilder->get()
#4 /var/www/html/sgapi/system/BaseModel.php(586): CodeIgniter\Model->doFindAll()
#5 /var/www/html/sgapi/app/Models/AtendimentoModel.php(46): CodeIgniter\BaseModel->findAll()
#6 /var/www/html/sgapi/app/Controllers/Api.php(35): App\Models\AtendimentoModel->getcontador()
#7 /var/www/html/sgapi/app/Controllers/Api.php(25): App\Controllers\Api->tirarsenha()
#8 /var/www/html/sgapi/system/CodeIgniter.php(925): App\Controllers\Api->distribui()
#9 /var/www/html/sgapi/system/CodeIgniter.php(480): CodeIgniter\CodeIgniter->runController()
#10 /var/www/html/sgapi/system/CodeIgniter.php(349): CodeIgniter\CodeIgniter->handleRequest()
#11 /var/www/html/sgapi/index.php(67): CodeIgniter\CodeIgniter->run()
#12 {main}
CRITICAL - 2023-01-25 19:37:14 --> Unable to connect to the database.
Main connection [MySQLi]: Connection timed out
in SYSTEMPATH/Database/BaseConnection.php on line 418.
 1 SYSTEMPATH/Database/BaseConnection.php(561): CodeIgniter\Database\BaseConnection->initialize()
 2 SYSTEMPATH/Database/BaseBuilder.php(1585): CodeIgniter\Database\BaseConnection->query()
 3 SYSTEMPATH/Model.php(240): CodeIgniter\Database\BaseBuilder->get()
 4 SYSTEMPATH/BaseModel.php(586): CodeIgniter\Model->doFindAll()
 5 APPPATH/Models/AtendimentoModel.php(46): CodeIgniter\BaseModel->findAll()
 6 APPPATH/Controllers/Api.php(35): App\Models\AtendimentoModel->getcontador()
 7 APPPATH/Controllers/Api.php(25): App\Controllers\Api->tirarsenha()
 8 SYSTEMPATH/CodeIgniter.php(925): App\Controllers\Api->distribui()
 9 SYSTEMPATH/CodeIgniter.php(480): CodeIgniter\CodeIgniter->runController()
10 SYSTEMPATH/CodeIgniter.php(349): CodeIgniter\CodeIgniter->handleRequest()
11 FCPATH/index.php(67): CodeIgniter\CodeIgniter->run()
CRITICAL - 2023-01-25 19:37:14 --> Unable to connect to the database.
Main connection [MySQLi]: Connection timed out
in SYSTEMPATH/Database/BaseConnection.php on line 418.
 1 SYSTEMPATH/Database/BaseConnection.php(561): CodeIgniter\Database\BaseConnection->initialize()
 2 SYSTEMPATH/Database/BaseBuilder.php(1585): CodeIgniter\Database\BaseConnection->query()
 3 SYSTEMPATH/Model.php(240): CodeIgniter\Database\BaseBuilder->get()
 4 SYSTEMPATH/BaseModel.php(586): CodeIgniter\Model->doFindAll()
 5 APPPATH/Models/AtendimentoModel.php(46): CodeIgniter\BaseModel->findAll()
 6 APPPATH/Controllers/Api.php(35): App\Models\AtendimentoModel->getcontador()
 7 APPPATH/Controllers/Api.php(25): App\Controllers\Api->tirarsenha()
 8 SYSTEMPATH/CodeIgniter.php(925): App\Controllers\Api->distribui()
 9 SYSTEMPATH/CodeIgniter.php(480): CodeIgniter\CodeIgniter->runController()
10 SYSTEMPATH/CodeIgniter.php(349): CodeIgniter\CodeIgniter->handleRequest()
11 FCPATH/index.php(67): CodeIgniter\CodeIgniter->run()
