CRITICAL - 2023-01-07 00:00:13 --> Undefined offset: 0
in APPPATH/Models/AtendimentoModel.php on line 47.
 1 APPPATH/Models/AtendimentoModel.php(47): CodeIgniter\Debug\Exceptions->errorHandler()
 2 APPPATH/Controllers/Api.php(30): App\Models\AtendimentoModel->getcontador()
 3 SYSTEMPATH/CodeIgniter.php(925): App\Controllers\Api->tirarsenha()
 4 SYSTEMPATH/CodeIgniter.php(480): CodeIgniter\CodeIgniter->runController()
 5 SYSTEMPATH/CodeIgniter.php(349): CodeIgniter\CodeIgniter->handleRequest()
 6 FCPATH/index.php(67): CodeIgniter\CodeIgniter->run()
CRITICAL - 2023-01-07 00:03:07 --> Undefined offset: 0
in APPPATH/Models/AtendimentoModel.php on line 47.
 1 APPPATH/Models/AtendimentoModel.php(47): CodeIgniter\Debug\Exceptions->errorHandler()
 2 APPPATH/Controllers/Api.php(30): App\Models\AtendimentoModel->getcontador()
 3 APPPATH/Controllers/Api.php(20): App\Controllers\Api->tirarsenha()
 4 SYSTEMPATH/CodeIgniter.php(925): App\Controllers\Api->distribui()
 5 SYSTEMPATH/CodeIgniter.php(480): CodeIgniter\CodeIgniter->runController()
 6 SYSTEMPATH/CodeIgniter.php(349): CodeIgniter\CodeIgniter->handleRequest()
 7 FCPATH/index.php(67): CodeIgniter\CodeIgniter->run()
ERROR - 2023-01-07 00:06:50 --> mysqli_sql_exception: Cannot add or update a child row: a foreign key constraint fails (`novosga_db`.`atendimentos`, CONSTRAINT `FK_29E906E7226EFC79` FOREIGN KEY (`prioridade_id`) REFERENCES `prioridades` (`id`)) in /var/www/html/sgapi/system/Database/MySQLi/Connection.php:292
Stack trace:
#0 /var/www/html/sgapi/system/Database/MySQLi/Connection.php(292): mysqli->query()
#1 /var/www/html/sgapi/system/Database/BaseConnection.php(666): CodeIgniter\Database\MySQLi\Connection->execute()
#2 /var/www/html/sgapi/system/Database/BaseConnection.php(593): CodeIgniter\Database\BaseConnection->simpleQuery()
#3 /var/www/html/sgapi/system/Database/BaseBuilder.php(1916): CodeIgniter\Database\BaseConnection->query()
#4 /var/www/html/sgapi/system/Model.php(303): CodeIgniter\Database\BaseBuilder->insert()
#5 /var/www/html/sgapi/system/BaseModel.php(750): CodeIgniter\Model->doInsert()
#6 /var/www/html/sgapi/system/Model.php(695): CodeIgniter\BaseModel->insert()
#7 /var/www/html/sgapi/app/Models/SenhaModel.php(63): CodeIgniter\Model->insert()
#8 /var/www/html/sgapi/app/Controllers/Api.php(40): App\Models\SenhaModel->novasenha()
#9 /var/www/html/sgapi/app/Controllers/Api.php(22): App\Controllers\Api->tirarsenha()
#10 /var/www/html/sgapi/system/CodeIgniter.php(925): App\Controllers\Api->distribui()
#11 /var/www/html/sgapi/system/CodeIgniter.php(480): CodeIgniter\CodeIgniter->runController()
#12 /var/www/html/sgapi/system/CodeIgniter.php(349): CodeIgniter\CodeIgniter->handleRequest()
#13 /var/www/html/sgapi/index.php(67): CodeIgniter\CodeIgniter->run()
#14 {main}
CRITICAL - 2023-01-07 00:06:50 --> Cannot add or update a child row: a foreign key constraint fails (`novosga_db`.`atendimentos`, CONSTRAINT `FK_29E906E7226EFC79` FOREIGN KEY (`prioridade_id`) REFERENCES `prioridades` (`id`))
in SYSTEMPATH/Database/MySQLi/Connection.php on line 292.
 1 SYSTEMPATH/Database/MySQLi/Connection.php(292): mysqli->query()
 2 SYSTEMPATH/Database/BaseConnection.php(666): CodeIgniter\Database\MySQLi\Connection->execute()
 3 SYSTEMPATH/Database/BaseConnection.php(593): CodeIgniter\Database\BaseConnection->simpleQuery()
 4 SYSTEMPATH/Database/BaseBuilder.php(1916): CodeIgniter\Database\BaseConnection->query()
 5 SYSTEMPATH/Model.php(303): CodeIgniter\Database\BaseBuilder->insert()
 6 SYSTEMPATH/BaseModel.php(750): CodeIgniter\Model->doInsert()
 7 SYSTEMPATH/Model.php(695): CodeIgniter\BaseModel->insert()
 8 APPPATH/Models/SenhaModel.php(63): CodeIgniter\Model->insert()
 9 APPPATH/Controllers/Api.php(40): App\Models\SenhaModel->novasenha()
10 APPPATH/Controllers/Api.php(22): App\Controllers\Api->tirarsenha()
11 SYSTEMPATH/CodeIgniter.php(925): App\Controllers\Api->distribui()
12 SYSTEMPATH/CodeIgniter.php(480): CodeIgniter\CodeIgniter->runController()
13 SYSTEMPATH/CodeIgniter.php(349): CodeIgniter\CodeIgniter->handleRequest()
14 FCPATH/index.php(67): CodeIgniter\CodeIgniter->run()
ERROR - 2023-01-07 00:07:21 --> mysqli_sql_exception: Cannot add or update a child row: a foreign key constraint fails (`novosga_db`.`atendimentos`, CONSTRAINT `FK_29E906E7226EFC79` FOREIGN KEY (`prioridade_id`) REFERENCES `prioridades` (`id`)) in /var/www/html/sgapi/system/Database/MySQLi/Connection.php:292
Stack trace:
#0 /var/www/html/sgapi/system/Database/MySQLi/Connection.php(292): mysqli->query()
#1 /var/www/html/sgapi/system/Database/BaseConnection.php(666): CodeIgniter\Database\MySQLi\Connection->execute()
#2 /var/www/html/sgapi/system/Database/BaseConnection.php(593): CodeIgniter\Database\BaseConnection->simpleQuery()
#3 /var/www/html/sgapi/system/Database/BaseBuilder.php(1916): CodeIgniter\Database\BaseConnection->query()
#4 /var/www/html/sgapi/system/Model.php(303): CodeIgniter\Database\BaseBuilder->insert()
#5 /var/www/html/sgapi/system/BaseModel.php(750): CodeIgniter\Model->doInsert()
#6 /var/www/html/sgapi/system/Model.php(695): CodeIgniter\BaseModel->insert()
#7 /var/www/html/sgapi/app/Models/SenhaModel.php(63): CodeIgniter\Model->insert()
#8 /var/www/html/sgapi/app/Controllers/Api.php(40): App\Models\SenhaModel->novasenha()
#9 /var/www/html/sgapi/app/Controllers/Api.php(22): App\Controllers\Api->tirarsenha()
#10 /var/www/html/sgapi/system/CodeIgniter.php(925): App\Controllers\Api->distribui()
#11 /var/www/html/sgapi/system/CodeIgniter.php(480): CodeIgniter\CodeIgniter->runController()
#12 /var/www/html/sgapi/system/CodeIgniter.php(349): CodeIgniter\CodeIgniter->handleRequest()
#13 /var/www/html/sgapi/index.php(67): CodeIgniter\CodeIgniter->run()
#14 {main}
CRITICAL - 2023-01-07 00:07:21 --> Cannot add or update a child row: a foreign key constraint fails (`novosga_db`.`atendimentos`, CONSTRAINT `FK_29E906E7226EFC79` FOREIGN KEY (`prioridade_id`) REFERENCES `prioridades` (`id`))
in SYSTEMPATH/Database/MySQLi/Connection.php on line 292.
 1 SYSTEMPATH/Database/MySQLi/Connection.php(292): mysqli->query()
 2 SYSTEMPATH/Database/BaseConnection.php(666): CodeIgniter\Database\MySQLi\Connection->execute()
 3 SYSTEMPATH/Database/BaseConnection.php(593): CodeIgniter\Database\BaseConnection->simpleQuery()
 4 SYSTEMPATH/Database/BaseBuilder.php(1916): CodeIgniter\Database\BaseConnection->query()
 5 SYSTEMPATH/Model.php(303): CodeIgniter\Database\BaseBuilder->insert()
 6 SYSTEMPATH/BaseModel.php(750): CodeIgniter\Model->doInsert()
 7 SYSTEMPATH/Model.php(695): CodeIgniter\BaseModel->insert()
 8 APPPATH/Models/SenhaModel.php(63): CodeIgniter\Model->insert()
 9 APPPATH/Controllers/Api.php(40): App\Models\SenhaModel->novasenha()
10 APPPATH/Controllers/Api.php(22): App\Controllers\Api->tirarsenha()
11 SYSTEMPATH/CodeIgniter.php(925): App\Controllers\Api->distribui()
12 SYSTEMPATH/CodeIgniter.php(480): CodeIgniter\CodeIgniter->runController()
13 SYSTEMPATH/CodeIgniter.php(349): CodeIgniter\CodeIgniter->handleRequest()
14 FCPATH/index.php(67): CodeIgniter\CodeIgniter->run()
CRITICAL - 2023-01-07 20:29:17 --> Undefined offset: 0
in APPPATH/Models/AtendimentoModel.php on line 47.
 1 APPPATH/Models/AtendimentoModel.php(47): CodeIgniter\Debug\Exceptions->errorHandler()
 2 APPPATH/Controllers/Api.php(32): App\Models\AtendimentoModel->getcontador()
 3 APPPATH/Controllers/Api.php(22): App\Controllers\Api->tirarsenha()
 4 SYSTEMPATH/CodeIgniter.php(925): App\Controllers\Api->distribui()
 5 SYSTEMPATH/CodeIgniter.php(480): CodeIgniter\CodeIgniter->runController()
 6 SYSTEMPATH/CodeIgniter.php(349): CodeIgniter\CodeIgniter->handleRequest()
 7 FCPATH/index.php(67): CodeIgniter\CodeIgniter->run()
CRITICAL - 2023-01-07 20:29:42 --> Undefined offset: 0
in APPPATH/Models/AtendimentoModel.php on line 47.
 1 APPPATH/Models/AtendimentoModel.php(47): CodeIgniter\Debug\Exceptions->errorHandler()
 2 APPPATH/Controllers/Api.php(32): App\Models\AtendimentoModel->getcontador()
 3 APPPATH/Controllers/Api.php(22): App\Controllers\Api->tirarsenha()
 4 SYSTEMPATH/CodeIgniter.php(925): App\Controllers\Api->distribui()
 5 SYSTEMPATH/CodeIgniter.php(480): CodeIgniter\CodeIgniter->runController()
 6 SYSTEMPATH/CodeIgniter.php(349): CodeIgniter\CodeIgniter->handleRequest()
 7 FCPATH/index.php(67): CodeIgniter\CodeIgniter->run()
CRITICAL - 2023-01-07 20:30:32 --> Undefined offset: 0
in APPPATH/Models/AtendimentoModel.php on line 47.
 1 APPPATH/Models/AtendimentoModel.php(47): CodeIgniter\Debug\Exceptions->errorHandler()
 2 APPPATH/Controllers/Api.php(32): App\Models\AtendimentoModel->getcontador()
 3 APPPATH/Controllers/Api.php(22): App\Controllers\Api->tirarsenha()
 4 SYSTEMPATH/CodeIgniter.php(925): App\Controllers\Api->distribui()
 5 SYSTEMPATH/CodeIgniter.php(480): CodeIgniter\CodeIgniter->runController()
 6 SYSTEMPATH/CodeIgniter.php(349): CodeIgniter\CodeIgniter->handleRequest()
 7 FCPATH/index.php(67): CodeIgniter\CodeIgniter->run()
CRITICAL - 2023-01-07 20:31:03 --> Undefined offset: 0
in APPPATH/Models/AtendimentoModel.php on line 47.
 1 APPPATH/Models/AtendimentoModel.php(47): CodeIgniter\Debug\Exceptions->errorHandler()
 2 APPPATH/Controllers/Api.php(32): App\Models\AtendimentoModel->getcontador()
 3 APPPATH/Controllers/Api.php(22): App\Controllers\Api->tirarsenha()
 4 SYSTEMPATH/CodeIgniter.php(925): App\Controllers\Api->distribui()
 5 SYSTEMPATH/CodeIgniter.php(480): CodeIgniter\CodeIgniter->runController()
 6 SYSTEMPATH/CodeIgniter.php(349): CodeIgniter\CodeIgniter->handleRequest()
 7 FCPATH/index.php(67): CodeIgniter\CodeIgniter->run()
CRITICAL - 2023-01-07 20:31:42 --> Undefined offset: 0
in APPPATH/Models/AtendimentoModel.php on line 47.
 1 APPPATH/Models/AtendimentoModel.php(47): CodeIgniter\Debug\Exceptions->errorHandler()
 2 APPPATH/Controllers/Api.php(32): App\Models\AtendimentoModel->getcontador()
 3 APPPATH/Controllers/Api.php(22): App\Controllers\Api->tirarsenha()
 4 SYSTEMPATH/CodeIgniter.php(925): App\Controllers\Api->distribui()
 5 SYSTEMPATH/CodeIgniter.php(480): CodeIgniter\CodeIgniter->runController()
 6 SYSTEMPATH/CodeIgniter.php(349): CodeIgniter\CodeIgniter->handleRequest()
 7 FCPATH/index.php(67): CodeIgniter\CodeIgniter->run()
CRITICAL - 2023-01-07 20:31:55 --> Undefined offset: 0
in APPPATH/Models/AtendimentoModel.php on line 47.
 1 APPPATH/Models/AtendimentoModel.php(47): CodeIgniter\Debug\Exceptions->errorHandler()
 2 APPPATH/Controllers/Api.php(32): App\Models\AtendimentoModel->getcontador()
 3 APPPATH/Controllers/Api.php(22): App\Controllers\Api->tirarsenha()
 4 SYSTEMPATH/CodeIgniter.php(925): App\Controllers\Api->distribui()
 5 SYSTEMPATH/CodeIgniter.php(480): CodeIgniter\CodeIgniter->runController()
 6 SYSTEMPATH/CodeIgniter.php(349): CodeIgniter\CodeIgniter->handleRequest()
 7 FCPATH/index.php(67): CodeIgniter\CodeIgniter->run()
